2024-09-26 10:42:44,977:WARNING:
'cuml' is a soft dependency and not included in the pycaret installation. Please run: `pip install cuml` to install.
2024-09-26 10:42:44,979:WARNING:
'cuml' is a soft dependency and not included in the pycaret installation. Please run: `pip install cuml` to install.
2024-09-26 10:42:44,979:WARNING:
'cuml' is a soft dependency and not included in the pycaret installation. Please run: `pip install cuml` to install.
2024-09-26 10:42:44,979:WARNING:
'cuml' is a soft dependency and not included in the pycaret installation. Please run: `pip install cuml` to install.
2024-09-26 10:43:24,566:INFO:PyCaret ClusteringExperiment
2024-09-26 10:43:24,566:INFO:Logging name: cluster-default-name
2024-09-26 10:43:24,568:INFO:ML Usecase: MLUsecase.CLUSTERING
2024-09-26 10:43:24,568:INFO:version 3.3.2
2024-09-26 10:43:24,568:INFO:Initializing setup()
2024-09-26 10:43:24,568:INFO:self.USI: b18e
2024-09-26 10:43:24,568:INFO:self._variable_keys: {'pipeline', 'idx', 'seed', 'data', 'exp_id', '_available_plots', 'html_param', 'log_plots_param', 'X', 'gpu_param', '_ml_usecase', 'logging_param', 'gpu_n_jobs_param', 'memory', 'exp_name_log', 'n_jobs_param', 'USI'}
2024-09-26 10:43:24,569:INFO:Checking environment
2024-09-26 10:43:24,569:INFO:python_version: 3.11.9
2024-09-26 10:43:24,569:INFO:python_build: ('tags/v3.11.9:de54cf5', 'Apr  2 2024 10:12:12')
2024-09-26 10:43:24,569:INFO:machine: AMD64
2024-09-26 10:43:24,569:INFO:platform: Windows-10-10.0.22631-SP0
2024-09-26 10:43:24,571:INFO:Memory: svmem(total=16849256448, available=2710814720, percent=83.9, used=14138441728, free=2710814720)
2024-09-26 10:43:24,571:INFO:Physical Core: 10
2024-09-26 10:43:24,571:INFO:Logical Core: 12
2024-09-26 10:43:24,571:INFO:Checking libraries
2024-09-26 10:43:24,571:INFO:System:
2024-09-26 10:43:24,571:INFO:    python: 3.11.9 (tags/v3.11.9:de54cf5, Apr  2 2024, 10:12:12) [MSC v.1938 64 bit (AMD64)]
2024-09-26 10:43:24,571:INFO:executable: c:\Users\Inteli\AppData\Local\Programs\Python\Python311\python.exe
2024-09-26 10:43:24,571:INFO:   machine: Windows-10-10.0.22631-SP0
2024-09-26 10:43:24,571:INFO:PyCaret required dependencies:
2024-09-26 10:43:36,440:INFO:                 pip: 24.0
2024-09-26 10:43:36,440:INFO:          setuptools: 65.5.0
2024-09-26 10:43:36,440:INFO:             pycaret: 3.3.2
2024-09-26 10:43:36,440:INFO:             IPython: 8.27.0
2024-09-26 10:43:36,440:INFO:          ipywidgets: 8.1.5
2024-09-26 10:43:36,440:INFO:                tqdm: 4.66.5
2024-09-26 10:43:36,440:INFO:               numpy: 1.26.4
2024-09-26 10:43:36,440:INFO:              pandas: 2.1.4
2024-09-26 10:43:36,440:INFO:              jinja2: 3.1.4
2024-09-26 10:43:36,440:INFO:               scipy: 1.11.4
2024-09-26 10:43:36,440:INFO:              joblib: 1.3.2
2024-09-26 10:43:36,440:INFO:             sklearn: 1.4.2
2024-09-26 10:43:36,440:INFO:                pyod: 2.0.2
2024-09-26 10:43:36,442:INFO:            imblearn: 0.12.3
2024-09-26 10:43:36,442:INFO:   category_encoders: 2.6.3
2024-09-26 10:43:36,442:INFO:            lightgbm: 4.5.0
2024-09-26 10:43:36,442:INFO:               numba: 0.60.0
2024-09-26 10:43:36,442:INFO:            requests: 2.32.3
2024-09-26 10:43:36,442:INFO:          matplotlib: 3.7.5
2024-09-26 10:43:36,442:INFO:          scikitplot: 0.3.7
2024-09-26 10:43:36,442:INFO:         yellowbrick: 1.5
2024-09-26 10:43:36,442:INFO:              plotly: 5.24.1
2024-09-26 10:43:36,442:INFO:    plotly-resampler: Not installed
2024-09-26 10:43:36,442:INFO:             kaleido: 0.2.1
2024-09-26 10:43:36,442:INFO:           schemdraw: 0.15
2024-09-26 10:43:36,442:INFO:         statsmodels: 0.14.3
2024-09-26 10:43:36,442:INFO:              sktime: 0.26.0
2024-09-26 10:43:36,442:INFO:               tbats: 1.1.3
2024-09-26 10:43:36,442:INFO:            pmdarima: 2.0.4
2024-09-26 10:43:36,442:INFO:              psutil: 6.0.0
2024-09-26 10:43:36,442:INFO:          markupsafe: 2.1.5
2024-09-26 10:43:36,442:INFO:             pickle5: Not installed
2024-09-26 10:43:36,442:INFO:         cloudpickle: 3.0.0
2024-09-26 10:43:36,442:INFO:         deprecation: 2.1.0
2024-09-26 10:43:36,443:INFO:              xxhash: 3.5.0
2024-09-26 10:43:36,443:INFO:           wurlitzer: Not installed
2024-09-26 10:43:36,443:INFO:PyCaret optional dependencies:
2024-09-26 10:43:52,787:INFO:                shap: 0.44.1
2024-09-26 10:43:52,787:INFO:           interpret: 0.6.3
2024-09-26 10:43:52,787:INFO:                umap: 0.5.6
2024-09-26 10:43:52,787:INFO:     ydata_profiling: 4.10.0
2024-09-26 10:43:52,787:INFO:  explainerdashboard: 0.4.7
2024-09-26 10:43:52,787:INFO:             autoviz: Not installed
2024-09-26 10:43:52,787:INFO:           fairlearn: 0.7.0
2024-09-26 10:43:52,787:INFO:          deepchecks: Not installed
2024-09-26 10:43:52,787:INFO:             xgboost: Not installed
2024-09-26 10:43:52,787:INFO:            catboost: 1.2.7
2024-09-26 10:43:52,787:INFO:              kmodes: 0.12.2
2024-09-26 10:43:52,787:INFO:             mlxtend: 0.23.1
2024-09-26 10:43:52,787:INFO:       statsforecast: 1.5.0
2024-09-26 10:43:52,787:INFO:        tune_sklearn: Not installed
2024-09-26 10:43:52,787:INFO:                 ray: Not installed
2024-09-26 10:43:52,787:INFO:            hyperopt: 0.2.7
2024-09-26 10:43:52,788:INFO:              optuna: 4.0.0
2024-09-26 10:43:52,788:INFO:               skopt: 0.10.2
2024-09-26 10:43:52,788:INFO:              mlflow: 2.16.2
2024-09-26 10:43:52,788:INFO:              gradio: 4.44.0
2024-09-26 10:43:52,788:INFO:             fastapi: 0.115.0
2024-09-26 10:43:52,788:INFO:             uvicorn: 0.30.6
2024-09-26 10:43:52,788:INFO:              m2cgen: 0.10.0
2024-09-26 10:43:52,788:INFO:           evidently: 0.4.37
2024-09-26 10:43:52,788:INFO:               fugue: 0.8.7
2024-09-26 10:43:52,788:INFO:           streamlit: Not installed
2024-09-26 10:43:52,788:INFO:             prophet: Not installed
2024-09-26 10:43:52,788:INFO:None
2024-09-26 10:43:52,788:INFO:Set up data.
2024-09-26 10:43:53,045:INFO:Set up index.
2024-09-26 10:43:53,046:INFO:Assigning column types.
2024-09-26 10:43:53,075:INFO:Engine successfully changes for model 'kmeans' to 'sklearn'.
2024-09-26 10:43:53,075:INFO:Engine for model 'dbscan' has not been set explicitly, hence returning None.
2024-09-26 10:43:53,075:INFO:Soft dependency imported: kmodes: 0.12.2
2024-09-26 10:43:53,204:INFO:Engine for model 'dbscan' has not been set explicitly, hence returning None.
2024-09-26 10:43:53,204:INFO:Soft dependency imported: kmodes: 0.12.2
2024-09-26 10:43:53,204:INFO:Engine successfully changes for model 'dbscan' to 'sklearn'.
2024-09-26 10:43:53,205:INFO:Soft dependency imported: kmodes: 0.12.2
2024-09-26 10:43:53,205:INFO:Soft dependency imported: kmodes: 0.12.2
2024-09-26 10:43:53,218:INFO:Preparing preprocessing pipeline...
2024-09-26 10:43:53,218:INFO:Set up simple imputation.
2024-09-26 10:43:53,238:INFO:Set up encoding of categorical features.
2024-09-26 10:43:53,239:INFO:Set up feature normalization.
2024-09-26 10:44:59,324:WARNING:c:\Users\Inteli\AppData\Local\Programs\Python\Python311\Lib\site-packages\pycaret\internal\pipeline.py:278: UserWarning: Persisting input arguments took 2.28s to run.If this happens often in your code, it can cause performance problems (results will be correct in all cases). The reason for this is probably some large input arguments for a wrapped function.
  fitted_estimator = self._memory_fit(

2024-09-26 10:44:59,788:INFO:Finished creating preprocessing pipeline.
2024-09-26 10:44:59,844:INFO:Pipeline: Pipeline(memory=FastMemory(location=C:\Users\Inteli\AppData\Local\Temp\joblib),
         steps=[('numerical_imputer',
                 TransformerWrapper(include=['C_condCode'],
                                    transformer=SimpleImputer())),
                ('categorical_imputer',
                 TransformerWrapper(include=['measure_avg_consumption'],
                                    transformer=SimpleImputer(strategy='most_frequent'))),
                ('onehot_encoding',
                 TransformerWrapper(include=['measure_avg_consumption'],
                                    transformer=OneHotEncoder(cols=['measure_avg_consumption'],
                                                              handle_missing='return_nan',
                                                              use_cat_names=True))),
                ('normalize',
                 TransformerWrapper(transformer=StandardScaler()))])
2024-09-26 10:44:59,847:INFO:Creating final display dataframe.
2024-09-26 10:45:59,868:WARNING:c:\Users\Inteli\AppData\Local\Programs\Python\Python311\Lib\site-packages\pycaret\internal\pipeline.py:111: UserWarning: Persisting input arguments took 3.89s to run.If this happens often in your code, it can cause performance problems (results will be correct in all cases). The reason for this is probably some large input arguments for a wrapped function.
  X, y = pipeline._memory_transform(transformer, X, y)

2024-09-26 10:46:21,462:WARNING:c:\Users\Inteli\AppData\Local\Programs\Python\Python311\Lib\site-packages\pycaret\internal\pipeline.py:289: UserWarning: Persisting input arguments took 4.24s to run.If this happens often in your code, it can cause performance problems (results will be correct in all cases). The reason for this is probably some large input arguments for a wrapped function.
  X, y = self._memory_full_transform(

2024-09-26 10:46:21,998:INFO:Setup _display_container:                  Description                 Value
0                 Session id                   123
1        Original data shape          (2834155, 2)
2     Transformed data shape        (2834155, 152)
3           Numeric features                     1
4       Categorical features                     1
5                 Preprocess                  True
6            Imputation type                simple
7         Numeric imputation                  mean
8     Categorical imputation                  mode
9   Maximum one-hot encoding                    -1
10           Encoding method                  None
11                 Normalize                  True
12          Normalize method                zscore
13                  CPU Jobs                    -1
14                   Use GPU                 False
15            Log Experiment                 False
16           Experiment Name  cluster-default-name
17                       USI                  b18e
2024-09-26 10:46:22,239:INFO:Soft dependency imported: kmodes: 0.12.2
2024-09-26 10:46:22,239:INFO:Soft dependency imported: kmodes: 0.12.2
2024-09-26 10:46:22,247:INFO:setup() successfully completed in 177.69s...............
2024-09-26 10:58:11,474:WARNING:
'cuml' is a soft dependency and not included in the pycaret installation. Please run: `pip install cuml` to install.
2024-09-26 10:58:11,475:WARNING:
'cuml' is a soft dependency and not included in the pycaret installation. Please run: `pip install cuml` to install.
2024-09-26 10:58:11,475:WARNING:
'cuml' is a soft dependency and not included in the pycaret installation. Please run: `pip install cuml` to install.
2024-09-26 10:58:11,475:WARNING:
'cuml' is a soft dependency and not included in the pycaret installation. Please run: `pip install cuml` to install.
2024-09-26 10:58:14,393:INFO:PyCaret ClusteringExperiment
2024-09-26 10:58:14,394:INFO:Logging name: cluster-default-name
2024-09-26 10:58:14,394:INFO:ML Usecase: MLUsecase.CLUSTERING
2024-09-26 10:58:14,394:INFO:version 3.3.2
2024-09-26 10:58:14,394:INFO:Initializing setup()
2024-09-26 10:58:14,394:INFO:self.USI: 6115
2024-09-26 10:58:14,394:INFO:self._variable_keys: {'log_plots_param', '_available_plots', 'pipeline', 'exp_id', 'gpu_n_jobs_param', 'data', 'seed', 'memory', 'html_param', 'n_jobs_param', '_ml_usecase', 'USI', 'gpu_param', 'exp_name_log', 'logging_param', 'idx', 'X'}
2024-09-26 10:58:14,394:INFO:Checking environment
2024-09-26 10:58:14,394:INFO:python_version: 3.11.9
2024-09-26 10:58:14,394:INFO:python_build: ('tags/v3.11.9:de54cf5', 'Apr  2 2024 10:12:12')
2024-09-26 10:58:14,394:INFO:machine: AMD64
2024-09-26 10:58:14,394:INFO:platform: Windows-10-10.0.22631-SP0
2024-09-26 10:58:14,397:INFO:Memory: svmem(total=16849256448, available=4302188544, percent=74.5, used=12547067904, free=4302188544)
2024-09-26 10:58:14,397:INFO:Physical Core: 10
2024-09-26 10:58:14,398:INFO:Logical Core: 12
2024-09-26 10:58:14,398:INFO:Checking libraries
2024-09-26 10:58:14,398:INFO:System:
2024-09-26 10:58:14,398:INFO:    python: 3.11.9 (tags/v3.11.9:de54cf5, Apr  2 2024, 10:12:12) [MSC v.1938 64 bit (AMD64)]
2024-09-26 10:58:14,398:INFO:executable: c:\Users\Inteli\AppData\Local\Programs\Python\Python311\python.exe
2024-09-26 10:58:14,398:INFO:   machine: Windows-10-10.0.22631-SP0
2024-09-26 10:58:14,398:INFO:PyCaret required dependencies:
2024-09-26 10:58:16,048:INFO:                 pip: 24.0
2024-09-26 10:58:16,048:INFO:          setuptools: 65.5.0
2024-09-26 10:58:16,048:INFO:             pycaret: 3.3.2
2024-09-26 10:58:16,048:INFO:             IPython: 8.27.0
2024-09-26 10:58:16,049:INFO:          ipywidgets: 8.1.5
2024-09-26 10:58:16,049:INFO:                tqdm: 4.66.5
2024-09-26 10:58:16,049:INFO:               numpy: 1.26.4
2024-09-26 10:58:16,049:INFO:              pandas: 2.1.4
2024-09-26 10:58:16,049:INFO:              jinja2: 3.1.4
2024-09-26 10:58:16,049:INFO:               scipy: 1.11.4
2024-09-26 10:58:16,049:INFO:              joblib: 1.3.2
2024-09-26 10:58:16,049:INFO:             sklearn: 1.4.2
2024-09-26 10:58:16,049:INFO:                pyod: 2.0.2
2024-09-26 10:58:16,049:INFO:            imblearn: 0.12.3
2024-09-26 10:58:16,049:INFO:   category_encoders: 2.6.3
2024-09-26 10:58:16,049:INFO:            lightgbm: 4.5.0
2024-09-26 10:58:16,049:INFO:               numba: 0.60.0
2024-09-26 10:58:16,049:INFO:            requests: 2.32.3
2024-09-26 10:58:16,049:INFO:          matplotlib: 3.7.5
2024-09-26 10:58:16,049:INFO:          scikitplot: 0.3.7
2024-09-26 10:58:16,049:INFO:         yellowbrick: 1.5
2024-09-26 10:58:16,050:INFO:              plotly: 5.24.1
2024-09-26 10:58:16,050:INFO:    plotly-resampler: Not installed
2024-09-26 10:58:16,050:INFO:             kaleido: 0.2.1
2024-09-26 10:58:16,050:INFO:           schemdraw: 0.15
2024-09-26 10:58:16,050:INFO:         statsmodels: 0.14.3
2024-09-26 10:58:16,050:INFO:              sktime: 0.26.0
2024-09-26 10:58:16,050:INFO:               tbats: 1.1.3
2024-09-26 10:58:16,050:INFO:            pmdarima: 2.0.4
2024-09-26 10:58:16,050:INFO:              psutil: 6.0.0
2024-09-26 10:58:16,050:INFO:          markupsafe: 2.1.5
2024-09-26 10:58:16,050:INFO:             pickle5: Not installed
2024-09-26 10:58:16,050:INFO:         cloudpickle: 3.0.0
2024-09-26 10:58:16,050:INFO:         deprecation: 2.1.0
2024-09-26 10:58:16,050:INFO:              xxhash: 3.5.0
2024-09-26 10:58:16,050:INFO:           wurlitzer: Not installed
2024-09-26 10:58:16,050:INFO:PyCaret optional dependencies:
2024-09-26 10:58:19,877:INFO:                shap: 0.44.1
2024-09-26 10:58:19,877:INFO:           interpret: 0.6.3
2024-09-26 10:58:19,877:INFO:                umap: 0.5.6
2024-09-26 10:58:19,877:INFO:     ydata_profiling: 4.10.0
2024-09-26 10:58:19,877:INFO:  explainerdashboard: 0.4.7
2024-09-26 10:58:19,877:INFO:             autoviz: Not installed
2024-09-26 10:58:19,877:INFO:           fairlearn: 0.7.0
2024-09-26 10:58:19,877:INFO:          deepchecks: Not installed
2024-09-26 10:58:19,877:INFO:             xgboost: Not installed
2024-09-26 10:58:19,877:INFO:            catboost: 1.2.7
2024-09-26 10:58:19,877:INFO:              kmodes: 0.12.2
2024-09-26 10:58:19,877:INFO:             mlxtend: 0.23.1
2024-09-26 10:58:19,877:INFO:       statsforecast: 1.5.0
2024-09-26 10:58:19,877:INFO:        tune_sklearn: Not installed
2024-09-26 10:58:19,877:INFO:                 ray: Not installed
2024-09-26 10:58:19,877:INFO:            hyperopt: 0.2.7
2024-09-26 10:58:19,877:INFO:              optuna: 4.0.0
2024-09-26 10:58:19,877:INFO:               skopt: 0.10.2
2024-09-26 10:58:19,879:INFO:              mlflow: 2.16.2
2024-09-26 10:58:19,879:INFO:              gradio: 4.44.0
2024-09-26 10:58:19,879:INFO:             fastapi: 0.115.0
2024-09-26 10:58:19,879:INFO:             uvicorn: 0.30.6
2024-09-26 10:58:19,879:INFO:              m2cgen: 0.10.0
2024-09-26 10:58:19,879:INFO:           evidently: 0.4.37
2024-09-26 10:58:19,879:INFO:               fugue: 0.8.7
2024-09-26 10:58:19,879:INFO:           streamlit: Not installed
2024-09-26 10:58:19,879:INFO:             prophet: Not installed
2024-09-26 10:58:19,879:INFO:None
2024-09-26 10:58:19,879:INFO:Set up data.
2024-09-26 10:58:20,223:INFO:Set up index.
2024-09-26 10:58:20,224:INFO:Assigning column types.
2024-09-26 10:58:20,259:INFO:Engine successfully changes for model 'kmeans' to 'sklearn'.
2024-09-26 10:58:20,260:INFO:Engine for model 'dbscan' has not been set explicitly, hence returning None.
2024-09-26 10:58:20,260:INFO:Soft dependency imported: kmodes: 0.12.2
2024-09-26 10:58:20,290:INFO:Engine for model 'dbscan' has not been set explicitly, hence returning None.
2024-09-26 10:58:20,290:INFO:Soft dependency imported: kmodes: 0.12.2
2024-09-26 10:58:20,290:INFO:Engine successfully changes for model 'dbscan' to 'sklearn'.
2024-09-26 10:58:20,290:INFO:Soft dependency imported: kmodes: 0.12.2
2024-09-26 10:58:20,291:INFO:Soft dependency imported: kmodes: 0.12.2
2024-09-26 10:58:20,295:INFO:Preparing preprocessing pipeline...
2024-09-26 10:58:20,296:INFO:Set up simple imputation.
2024-09-26 10:58:20,340:INFO:Set up encoding of categorical features.
2024-09-26 10:58:48,826:INFO:Finished creating preprocessing pipeline.
2024-09-26 10:58:48,852:INFO:Pipeline: Pipeline(memory=FastMemory(location=C:\Users\Inteli\AppData\Local\Temp\joblib),
         steps=[('numerical_imputer',
                 TransformerWrapper(include=['C_condCode'],
                                    transformer=SimpleImputer())),
                ('categorical_imputer',
                 TransformerWrapper(include=['measure_avg_consumption'],
                                    transformer=SimpleImputer(strategy='most_frequent'))),
                ('onehot_encoding',
                 TransformerWrapper(include=['measure_avg_consumption'],
                                    transformer=OneHotEncoder(cols=['measure_avg_consumption'],
                                                              handle_missing='return_nan',
                                                              use_cat_names=True)))])
2024-09-26 10:58:48,853:INFO:Creating final display dataframe.
2024-09-26 10:58:59,504:INFO:Setup _display_container:                  Description                 Value
0                 Session id                   123
1        Original data shape          (2834155, 2)
2     Transformed data shape        (2834155, 152)
3           Numeric features                     1
4       Categorical features                     1
5                 Preprocess                  True
6            Imputation type                simple
7         Numeric imputation                  mean
8     Categorical imputation                  mode
9   Maximum one-hot encoding                    -1
10           Encoding method                  None
11                  CPU Jobs                    -1
12                   Use GPU                 False
13            Log Experiment                 False
14           Experiment Name  cluster-default-name
15                       USI                  6115
2024-09-26 10:58:59,786:INFO:Soft dependency imported: kmodes: 0.12.2
2024-09-26 10:58:59,786:INFO:Soft dependency imported: kmodes: 0.12.2
2024-09-26 10:58:59,792:INFO:setup() successfully completed in 45.42s...............
2024-09-26 11:00:21,569:INFO:PyCaret ClusteringExperiment
2024-09-26 11:00:21,569:INFO:Logging name: cluster-default-name
2024-09-26 11:00:21,570:INFO:ML Usecase: MLUsecase.CLUSTERING
2024-09-26 11:00:21,570:INFO:version 3.3.2
2024-09-26 11:00:21,570:INFO:Initializing setup()
2024-09-26 11:00:21,570:INFO:self.USI: d715
2024-09-26 11:00:21,570:INFO:self._variable_keys: {'log_plots_param', '_available_plots', 'pipeline', 'exp_id', 'gpu_n_jobs_param', 'data', 'seed', 'memory', 'html_param', 'n_jobs_param', '_ml_usecase', 'USI', 'gpu_param', 'exp_name_log', 'logging_param', 'idx', 'X'}
2024-09-26 11:00:21,570:INFO:Checking environment
2024-09-26 11:00:21,571:INFO:python_version: 3.11.9
2024-09-26 11:00:21,571:INFO:python_build: ('tags/v3.11.9:de54cf5', 'Apr  2 2024 10:12:12')
2024-09-26 11:00:21,571:INFO:machine: AMD64
2024-09-26 11:00:21,571:INFO:platform: Windows-10-10.0.22631-SP0
2024-09-26 11:00:21,574:INFO:Memory: svmem(total=16849256448, available=9637621760, percent=42.8, used=7211634688, free=9637621760)
2024-09-26 11:00:21,576:INFO:Physical Core: 10
2024-09-26 11:00:21,576:INFO:Logical Core: 12
2024-09-26 11:00:21,576:INFO:Checking libraries
2024-09-26 11:00:21,576:INFO:System:
2024-09-26 11:00:21,576:INFO:    python: 3.11.9 (tags/v3.11.9:de54cf5, Apr  2 2024, 10:12:12) [MSC v.1938 64 bit (AMD64)]
2024-09-26 11:00:21,576:INFO:executable: c:\Users\Inteli\AppData\Local\Programs\Python\Python311\python.exe
2024-09-26 11:00:21,576:INFO:   machine: Windows-10-10.0.22631-SP0
2024-09-26 11:00:21,576:INFO:PyCaret required dependencies:
2024-09-26 11:00:21,576:INFO:                 pip: 24.0
2024-09-26 11:00:21,576:INFO:          setuptools: 65.5.0
2024-09-26 11:00:21,576:INFO:             pycaret: 3.3.2
2024-09-26 11:00:21,576:INFO:             IPython: 8.27.0
2024-09-26 11:00:21,576:INFO:          ipywidgets: 8.1.5
2024-09-26 11:00:21,576:INFO:                tqdm: 4.66.5
2024-09-26 11:00:21,576:INFO:               numpy: 1.26.4
2024-09-26 11:00:21,576:INFO:              pandas: 2.1.4
2024-09-26 11:00:21,576:INFO:              jinja2: 3.1.4
2024-09-26 11:00:21,576:INFO:               scipy: 1.11.4
2024-09-26 11:00:21,576:INFO:              joblib: 1.3.2
2024-09-26 11:00:21,576:INFO:             sklearn: 1.4.2
2024-09-26 11:00:21,576:INFO:                pyod: 2.0.2
2024-09-26 11:00:21,576:INFO:            imblearn: 0.12.3
2024-09-26 11:00:21,576:INFO:   category_encoders: 2.6.3
2024-09-26 11:00:21,576:INFO:            lightgbm: 4.5.0
2024-09-26 11:00:21,576:INFO:               numba: 0.60.0
2024-09-26 11:00:21,576:INFO:            requests: 2.32.3
2024-09-26 11:00:21,576:INFO:          matplotlib: 3.7.5
2024-09-26 11:00:21,576:INFO:          scikitplot: 0.3.7
2024-09-26 11:00:21,576:INFO:         yellowbrick: 1.5
2024-09-26 11:00:21,576:INFO:              plotly: 5.24.1
2024-09-26 11:00:21,576:INFO:    plotly-resampler: Not installed
2024-09-26 11:00:21,576:INFO:             kaleido: 0.2.1
2024-09-26 11:00:21,576:INFO:           schemdraw: 0.15
2024-09-26 11:00:21,576:INFO:         statsmodels: 0.14.3
2024-09-26 11:00:21,576:INFO:              sktime: 0.26.0
2024-09-26 11:00:21,576:INFO:               tbats: 1.1.3
2024-09-26 11:00:21,577:INFO:            pmdarima: 2.0.4
2024-09-26 11:00:21,577:INFO:              psutil: 6.0.0
2024-09-26 11:00:21,577:INFO:          markupsafe: 2.1.5
2024-09-26 11:00:21,577:INFO:             pickle5: Not installed
2024-09-26 11:00:21,577:INFO:         cloudpickle: 3.0.0
2024-09-26 11:00:21,577:INFO:         deprecation: 2.1.0
2024-09-26 11:00:21,577:INFO:              xxhash: 3.5.0
2024-09-26 11:00:21,577:INFO:           wurlitzer: Not installed
2024-09-26 11:00:21,577:INFO:PyCaret optional dependencies:
2024-09-26 11:00:21,577:INFO:                shap: 0.44.1
2024-09-26 11:00:21,577:INFO:           interpret: 0.6.3
2024-09-26 11:00:21,577:INFO:                umap: 0.5.6
2024-09-26 11:00:21,577:INFO:     ydata_profiling: 4.10.0
2024-09-26 11:00:21,577:INFO:  explainerdashboard: 0.4.7
2024-09-26 11:00:21,577:INFO:             autoviz: Not installed
2024-09-26 11:00:21,577:INFO:           fairlearn: 0.7.0
2024-09-26 11:00:21,577:INFO:          deepchecks: Not installed
2024-09-26 11:00:21,577:INFO:             xgboost: Not installed
2024-09-26 11:00:21,577:INFO:            catboost: 1.2.7
2024-09-26 11:00:21,577:INFO:              kmodes: 0.12.2
2024-09-26 11:00:21,577:INFO:             mlxtend: 0.23.1
2024-09-26 11:00:21,577:INFO:       statsforecast: 1.5.0
2024-09-26 11:00:21,577:INFO:        tune_sklearn: Not installed
2024-09-26 11:00:21,577:INFO:                 ray: Not installed
2024-09-26 11:00:21,577:INFO:            hyperopt: 0.2.7
2024-09-26 11:00:21,577:INFO:              optuna: 4.0.0
2024-09-26 11:00:21,577:INFO:               skopt: 0.10.2
2024-09-26 11:00:21,577:INFO:              mlflow: 2.16.2
2024-09-26 11:00:21,577:INFO:              gradio: 4.44.0
2024-09-26 11:00:21,577:INFO:             fastapi: 0.115.0
2024-09-26 11:00:21,578:INFO:             uvicorn: 0.30.6
2024-09-26 11:00:21,578:INFO:              m2cgen: 0.10.0
2024-09-26 11:00:21,578:INFO:           evidently: 0.4.37
2024-09-26 11:00:21,578:INFO:               fugue: 0.8.7
2024-09-26 11:00:21,578:INFO:           streamlit: Not installed
2024-09-26 11:00:21,578:INFO:             prophet: Not installed
2024-09-26 11:00:21,578:INFO:None
2024-09-26 11:00:21,578:INFO:Set up data.
2024-09-26 11:00:21,857:INFO:Set up index.
2024-09-26 11:00:21,858:INFO:Assigning column types.
2024-09-26 11:00:21,890:INFO:Engine successfully changes for model 'kmeans' to 'sklearn'.
2024-09-26 11:00:21,890:INFO:Engine for model 'dbscan' has not been set explicitly, hence returning None.
2024-09-26 11:00:21,890:INFO:Soft dependency imported: kmodes: 0.12.2
2024-09-26 11:00:21,890:INFO:Engine for model 'dbscan' has not been set explicitly, hence returning None.
2024-09-26 11:00:21,890:INFO:Soft dependency imported: kmodes: 0.12.2
2024-09-26 11:00:21,890:INFO:Engine successfully changes for model 'dbscan' to 'sklearn'.
2024-09-26 11:00:21,891:INFO:Soft dependency imported: kmodes: 0.12.2
2024-09-26 11:00:21,891:INFO:Soft dependency imported: kmodes: 0.12.2
2024-09-26 11:00:21,893:INFO:Preparing preprocessing pipeline...
2024-09-26 11:00:21,894:INFO:Set up simple imputation.
2024-09-26 11:00:21,914:INFO:Set up encoding of categorical features.
2024-09-26 11:00:21,915:INFO:Set up feature normalization.
2024-09-26 11:00:49,002:INFO:Finished creating preprocessing pipeline.
2024-09-26 11:00:49,018:INFO:Pipeline: Pipeline(memory=FastMemory(location=C:\Users\Inteli\AppData\Local\Temp\joblib),
         steps=[('numerical_imputer',
                 TransformerWrapper(include=['C_condCode'],
                                    transformer=SimpleImputer())),
                ('categorical_imputer',
                 TransformerWrapper(include=['measure_avg_consumption'],
                                    transformer=SimpleImputer(strategy='most_frequent'))),
                ('onehot_encoding',
                 TransformerWrapper(include=['measure_avg_consumption'],
                                    transformer=OneHotEncoder(cols=['measure_avg_consumption'],
                                                              handle_missing='return_nan',
                                                              use_cat_names=True))),
                ('normalize',
                 TransformerWrapper(transformer=StandardScaler()))])
2024-09-26 11:00:49,019:INFO:Creating final display dataframe.
2024-09-26 11:00:52,473:INFO:Setup _display_container:                  Description                 Value
0                 Session id                   123
1        Original data shape          (2834155, 2)
2     Transformed data shape        (2834155, 152)
3           Numeric features                     1
4       Categorical features                     1
5                 Preprocess                  True
6            Imputation type                simple
7         Numeric imputation                  mean
8     Categorical imputation                  mode
9   Maximum one-hot encoding                    -1
10           Encoding method                  None
11                 Normalize                  True
12          Normalize method                zscore
13                  CPU Jobs                    -1
14                   Use GPU                 False
15            Log Experiment                 False
16           Experiment Name  cluster-default-name
17                       USI                  d715
2024-09-26 11:00:52,540:INFO:Soft dependency imported: kmodes: 0.12.2
2024-09-26 11:00:52,541:INFO:Soft dependency imported: kmodes: 0.12.2
2024-09-26 11:00:52,544:INFO:setup() successfully completed in 31.0s...............
2024-09-26 11:00:52,608:INFO:Initializing create_model()
2024-09-26 11:00:52,609:INFO:create_model(self=<pycaret.clustering.oop.ClusteringExperiment object at 0x000001C34F2D65D0>, estimator=kmeans, num_clusters=3, fraction=0.05, ground_truth=None, round=4, fit_kwargs=None, experiment_custom_tags=None, verbose=True, system=True, add_to_model_list=True, raise_num_clusters=False, display=None, kwargs={})
2024-09-26 11:00:52,609:INFO:Checking exceptions
2024-09-26 11:00:54,482:INFO:Importing untrained model
2024-09-26 11:00:54,490:INFO:K-Means Clustering Imported successfully
2024-09-26 11:00:54,505:INFO:Fitting Model
